<?xml version="1.0" encoding="UTF-8"?>
<!-- Generated by org.testng.reporters.JUnitReportReporter -->
<testsuite hostname="DESKTOP-0FRBA1G" failures="0" tests="1" name="testcases.TC001_LoginTest" time="5.269" errors="0" timestamp="2023-05-31T15:36:49 IST" skipped="0">
  <testcase classname="testcases.TC001_LoginTest" name="loginTest_TC001" time="5.269"/>
  <system-out/>
</testsuite> <!-- testcases.TC001_LoginTest -->
